start 0
int 0
identifier 1
; 0
int 0
identifier 2
; 0
int 0
identifier 3
; 0
read 0
( 0
identifier 1
) 0
; 0
read 0
( 0
identifier 2
) 0
; 0
read 0
( 0
identifier 3
) 0
; 0
if 0
( 0
identifier 1
>= 0
identifier 2
) 0
{ 0
if 0
( 0
identifier 1
>= 0
identifier 3
) 0
{ 0
write 0
( 0
identifier 1
) 0
; 0
} 0
else 0
{ 0
write 0
( 0
identifier 3
) 0
; 0
} 0
} 0
else 0
{ 0
if 0
( 0
identifier 2
>= 0
identifier 3
) 0
{ 0
write 0
( 0
identifier 2
) 0
; 0
} 0
else 0
{ 0
write 0
( 0
identifier 3
) 0
; 0
} 0
} 0
end 0
