start 0
  0
  0
  0
int 0
  0
id 1
; 0
  0
  0
int 0
  0
id 2
; 0
  0
  0
int 0
  0
id 3
; 0
  0
  0
  0
read 0
( 0
id 1
) 0
; 0
  0
  0
read 0
( 0
id 2
) 0
; 0
  0
  0
read 0
( 0
id 3
) 0
; 0
  0
  0
if 0
  0
( 0
id 1
  0
>= 0
  0
id 2
) 0
  0
{ 0
  0
  0
  0
  0
  0
if 0
  0
( 0
id 1
  0
>= 0
  0
id 3
) 0
  0
{ 0
  0
write 0
( 0
id 1
) 0
; 0
  0
} 0
  0
  0
  0
  0
  0
else 0
  0
{ 0
  0
write 0
( 0
id 3
) 0
; 0
  0
} 0
  0
  0
  0
} 0
  0
  0
else 0
  0
{ 0
  0
  0
  0
  0
  0
if 0
  0
( 0
id 2
  0
>= 0
  0
id 3
) 0
  0
{ 0
  0
write 0
( 0
id 2
) 0
; 0
  0
} 0
  0
  0
  0
  0
  0
else 0
  0
{ 0
  0
write 0
( 0
id 3
) 0
; 0
  0
} 0
	 0
  0
  0
} 0
end 0
