start 0
  0
  0
  0
  0
int 0
  0
$n 1
; 0
  0
  0
  0
read 0
( 0
$n 1
) 0
; 0
  0
  0
  0
  0
  0
  0
int 0
  0
$sum 2
; 0
  0
  0
  0
$sum 2
  0
= 0
  0
0 3
; 0
  0
  0
  0
int 0
  0
$x 4
; 0
  0
  0
  0
  0
while 0
  0
( 0
$n 1
  0
> 0
  0
0 3
) 0
  0
{ 0
  0
  0
  0
  0
  0
  0
  0
read 0
( 0
$x 4
) 0
; 0
  0
  0
  0
  0
  0
  0
  0
$sum 2
  0
= 0
  0
$sum 2
  0
+ 0
  0
$x 4
; 0
  0
  0
  0
  0
  0
  0
  0
  0
  0
  0
$n 1
  0
= 0
  0
$n 1
  0
- 0
  0
1 5
; 0
  0
  0
  0
} 0
  0
  0
  0
write 0
( 0
$sum 2
) 0
; 0
end 0
  0
